Determining if the pthread_create exist failed with the following output:
Change Dir: /home/mateusz/Project/mitp/cpp/client/cmake-build-debug/CMakeFiles/CMakeTmp

Run Build Command:"/usr/bin/make" "cmTC_18ed9/fast"
/usr/bin/make -f CMakeFiles/cmTC_18ed9.dir/build.make CMakeFiles/cmTC_18ed9.dir/build
make[1]: Wejście do katalogu '/home/mateusz/Project/mitp/cpp/client/cmake-build-debug/CMakeFiles/CMakeTmp'
Building C object CMakeFiles/cmTC_18ed9.dir/CheckSymbolExists.c.o
/usr/bin/cc    -o CMakeFiles/cmTC_18ed9.dir/CheckSymbolExists.c.o   -c /home/mateusz/Project/mitp/cpp/client/cmake-build-debug/CMakeFiles/CMakeTmp/CheckSymbolExists.c
Linking C executable cmTC_18ed9
/snap/clion/44/bin/cmake/linux/bin/cmake -E cmake_link_script CMakeFiles/cmTC_18ed9.dir/link.txt --verbose=1
/usr/bin/cc      CMakeFiles/cmTC_18ed9.dir/CheckSymbolExists.c.o  -o cmTC_18ed9 
CMakeFiles/cmTC_18ed9.dir/CheckSymbolExists.c.o: In function `main':
CheckSymbolExists.c:(.text+0x1b): undefined reference to `pthread_create'
collect2: error: ld returned 1 exit status
CMakeFiles/cmTC_18ed9.dir/build.make:86: recipe for target 'cmTC_18ed9' failed
make[1]: *** [cmTC_18ed9] Error 1
make[1]: Opuszczenie katalogu '/home/mateusz/Project/mitp/cpp/client/cmake-build-debug/CMakeFiles/CMakeTmp'
Makefile:121: recipe for target 'cmTC_18ed9/fast' failed
make: *** [cmTC_18ed9/fast] Error 2

File /home/mateusz/Project/mitp/cpp/client/cmake-build-debug/CMakeFiles/CMakeTmp/CheckSymbolExists.c:
/* */
#include <pthread.h>

int main(int argc, char** argv)
{
  (void)argv;
#ifndef pthread_create
  return ((int*)(&pthread_create))[argc];
#else
  (void)argc;
  return 0;
#endif
}

Determining if the function pthread_create exists in the pthreads failed with the following output:
Change Dir: /home/mateusz/Project/mitp/cpp/client/cmake-build-debug/CMakeFiles/CMakeTmp

Run Build Command:"/usr/bin/make" "cmTC_0019d/fast"
/usr/bin/make -f CMakeFiles/cmTC_0019d.dir/build.make CMakeFiles/cmTC_0019d.dir/build
make[1]: Wejście do katalogu '/home/mateusz/Project/mitp/cpp/client/cmake-build-debug/CMakeFiles/CMakeTmp'
Building C object CMakeFiles/cmTC_0019d.dir/CheckFunctionExists.c.o
/usr/bin/cc   -DCHECK_FUNCTION_EXISTS=pthread_create   -o CMakeFiles/cmTC_0019d.dir/CheckFunctionExists.c.o   -c /snap/clion/44/bin/cmake/linux/share/cmake-3.12/Modules/CheckFunctionExists.c
Linking C executable cmTC_0019d
/snap/clion/44/bin/cmake/linux/bin/cmake -E cmake_link_script CMakeFiles/cmTC_0019d.dir/link.txt --verbose=1
/usr/bin/cc  -DCHECK_FUNCTION_EXISTS=pthread_create    CMakeFiles/cmTC_0019d.dir/CheckFunctionExists.c.o  -o cmTC_0019d -lpthreads 
/usr/bin/ld: cannot find -lpthreads
collect2: error: ld returned 1 exit status
CMakeFiles/cmTC_0019d.dir/build.make:86: recipe for target 'cmTC_0019d' failed
make[1]: *** [cmTC_0019d] Error 1
make[1]: Opuszczenie katalogu '/home/mateusz/Project/mitp/cpp/client/cmake-build-debug/CMakeFiles/CMakeTmp'
Makefile:121: recipe for target 'cmTC_0019d/fast' failed
make: *** [cmTC_0019d/fast] Error 2


